<?xml version="1.0" encoding="UTF-8"?>
<!-- Generated by org.testng.reporters.JUnitReportReporter -->
<testsuite hostname="DESKTOP-EKJ5BNI" failures="0" tests="2" name="Edu_it.Annotations" time="0.047" errors="0" timestamp="2023-08-01T19:30:22 ART" skipped="0">
  <testcase classname="Edu_it.Annotations" name="testCase2" time="0.008"/>
  <system-out/>
  <testcase classname="Edu_it.Annotations" name="testCase1" time="0.039"/>
  <system-out/>
</testsuite> <!-- Edu_it.Annotations -->
