<?xml version="1.0" encoding="UTF-8"?>
<!-- Generated by org.testng.reporters.JUnitReportReporter -->
<testsuite hostname="DESKTOP-EKJ5BNI" failures="0" tests="3" name="Edu_it.Test_BeforeTestAndBeforeMethod" time="0.029" errors="0" timestamp="2023-07-28T20:13:46 ART" skipped="0">
  <testcase classname="Edu_it.Test_BeforeTestAndBeforeMethod" name="testADemo" time="0.013"/>
  <system-out/>
  <testcase classname="Edu_it.Test_BeforeTestAndBeforeMethod" name="testBDemo" time="0.004"/>
  <system-out/>
  <testcase classname="Edu_it.Test_BeforeTestAndBeforeMethod" name="testCDemo" time="0.012"/>
  <system-out/>
</testsuite> <!-- Edu_it.Test_BeforeTestAndBeforeMethod -->
