<?xml version="1.0" encoding="UTF-8"?>
<!-- Generated by org.testng.reporters.JUnitReportReporter -->
<testsuite hostname="DESKTOP-EKJ5BNI" failures="0" tests="1" name="pruebas.Laboratorio5_E3" time="0.522" errors="0" timestamp="2023-08-11T20:35:37 ART" skipped="0">
  <testcase classname="pruebas.Laboratorio5_E3" name="verAlert" time="0.522"/>
  <system-out/>
</testsuite> <!-- pruebas.Laboratorio5_E3 -->
