<?xml version="1.0" encoding="UTF-8"?>
<!-- Generated by org.testng.reporters.JUnitReportReporter -->
<testsuite hostname="DESKTOP-EKJ5BNI" failures="0" tests="1" name="pruebas.Laboratorio6_E1" time="1.708" errors="0" timestamp="2023-08-11T21:02:20 ART" skipped="0">
  <testcase classname="pruebas.Laboratorio6_E1" name="verNavegador_headless" time="1.708"/>
  <system-out/>
</testsuite> <!-- pruebas.Laboratorio6_E1 -->
