<?xml version="1.0" encoding="UTF-8"?>
<!-- Generated by org.testng.reporters.JUnitReportReporter -->
<testsuite hostname="DESKTOP-EKJ5BNI" failures="0" tests="2" name="Edu_it.Ejer_10" time="31.597" errors="0" timestamp="2023-08-01T19:18:15 ART" skipped="0">
  <testcase classname="Edu_it.Ejer_10" name="Login" time="22.123"/>
  <system-out/>
  <testcase classname="Edu_it.Ejer_10" name="Shopping_Cart" time="9.474"/>
  <system-out/>
</testsuite> <!-- Edu_it.Ejer_10 -->
