<?xml version="1.0" encoding="UTF-8"?>
<!-- Generated by org.testng.reporters.JUnitReportReporter -->
<testsuite hostname="DESKTOP-EKJ5BNI" failures="0" tests="2" name="Edu_it.Ejer_14" time="5.334" errors="0" timestamp="2023-08-08T12:00:41 ART" skipped="1">
  <testcase classname="Edu_it.Ejer_14" name="registrarUsuario" time="5.334"/>
  <system-out/>
  <testcase classname="Edu_it.Ejer_14" name="pruebaTest">
    <skipped/>
  </testcase> <!-- pruebaTest -->
  <system-out/>
</testsuite> <!-- Edu_it.Ejer_14 -->
