<?xml version="1.0" encoding="UTF-8"?>
<!-- Generated by org.testng.reporters.JUnitReportReporter -->
<testsuite hostname="DESKTOP-EKJ5BNI" failures="0" tests="2" name="Edu_it.Ejer_13" time="5.701" errors="0" timestamp="2023-08-08T11:56:51 ART" skipped="1">
  <testcase classname="Edu_it.Ejer_13" name="registrarUsuario" time="5.701"/>
  <system-out/>
  <testcase classname="Edu_it.Ejer_13" name="pruebaTest">
    <skipped/>
  </testcase> <!-- pruebaTest -->
  <system-out/>
</testsuite> <!-- Edu_it.Ejer_13 -->
