<?xml version="1.0" encoding="UTF-8"?>
<!-- Generated by org.testng.reporters.JUnitReportReporter -->
<testsuite hostname="DESKTOP-EKJ5BNI" failures="0" tests="3" name="Edu_it.testNGPriorityExample" time="0.026" errors="0" timestamp="2023-07-28T20:17:08 ART" skipped="0">
  <testcase classname="Edu_it.testNGPriorityExample" name="registerAccount" time="0.019"/>
  <system-out/>
  <testcase classname="Edu_it.testNGPriorityExample" name="login" time="0.005"/>
  <system-out/>
  <testcase classname="Edu_it.testNGPriorityExample" name="sendEmail" time="0.002"/>
  <system-out/>
</testsuite> <!-- Edu_it.testNGPriorityExample -->
