<?xml version="1.0" encoding="UTF-8"?>
<!-- Generated by org.testng.reporters.JUnitReportReporter -->
<testsuite hostname="DESKTOP-EKJ5BNI" failures="0" tests="2" name="parallelTesting.ParallelTest1" time="35.517" errors="0" timestamp="2023-08-14T01:44:42 ART" skipped="0">
  <testcase classname="parallelTesting.ParallelTest1" name="homepageTitle" time="18.934"/>
  <system-out/>
  <testcase classname="parallelTesting.ParallelTest1" name="logoTest" time="16.583"/>
  <system-out/>
</testsuite> <!-- parallelTesting.ParallelTest1 -->
