<?xml version="1.0" encoding="UTF-8"?>
<!-- Generated by org.testng.reporters.JUnitReportReporter -->
<testsuite hostname="DESKTOP-EKJ5BNI" failures="0" tests="2" name="Edu_it.Laboratorio3_Ejercicio1" time="12.598" errors="0" timestamp="2023-08-01T20:06:38 ART" skipped="1">
  <testcase classname="Edu_it.Laboratorio3_Ejercicio1" name="registrarUsuario" time="12.598"/>
  <system-out/>
  <testcase classname="Edu_it.Laboratorio3_Ejercicio1" name="pruebaTest">
    <skipped/>
  </testcase> <!-- pruebaTest -->
  <system-out/>
</testsuite> <!-- Edu_it.Laboratorio3_Ejercicio1 -->
