<?xml version="1.0" encoding="UTF-8"?>
<!-- Generated by org.testng.reporters.JUnitReportReporter -->
<testsuite hostname="DESKTOP-EKJ5BNI" failures="0" tests="2" name="Edu_it.Ejer_15" time="6.454" errors="0" timestamp="2023-08-08T15:13:56 ART" skipped="1">
  <testcase classname="Edu_it.Ejer_15" name="registrarUsuario" time="6.454"/>
  <system-out/>
  <testcase classname="Edu_it.Ejer_15" name="pruebaTest">
    <skipped/>
  </testcase> <!-- pruebaTest -->
  <system-out/>
</testsuite> <!-- Edu_it.Ejer_15 -->
