<?xml version="1.0" encoding="UTF-8"?>
<!-- Generated by org.testng.reporters.JUnitReportReporter -->
<testsuite hostname="DESKTOP-EKJ5BNI" failures="0" tests="1" name="pruebas.Laboratorio5_E2" time="0.458" errors="0" timestamp="2023-08-11T20:16:54 ART" skipped="0">
  <testcase classname="pruebas.Laboratorio5_E2" name="cargarArchivo" time="0.458"/>
  <system-out/>
</testsuite> <!-- pruebas.Laboratorio5_E2 -->
