<?xml version="1.0" encoding="UTF-8"?>
<!-- Generated by org.testng.reporters.JUnitReportReporter -->
<testsuite hostname="DESKTOP-EKJ5BNI" failures="0" tests="2" name="pruebas.CrossBrowserTest" time="54.875" errors="0" timestamp="2023-08-04T01:47:24 ART" skipped="0">
  <testcase classname="pruebas.CrossBrowserTest" name="buscarPalabra" time="38.451"/>
  <system-out/>
  <testcase classname="pruebas.CrossBrowserTest" name="buscarPalabra" time="16.424"/>
  <system-out/>
</testsuite> <!-- pruebas.CrossBrowserTest -->
