<?xml version="1.0" encoding="UTF-8"?>
<!-- Generated by org.testng.reporters.JUnitReportReporter -->
<testsuite hostname="DESKTOP-EKJ5BNI" failures="0" tests="1" name="parallelTesting.ParallelTest2" time="22.901" errors="0" timestamp="2023-08-14T01:44:42 ART" skipped="0">
  <testcase classname="parallelTesting.ParallelTest2" name="LoginTest" time="22.901"/>
  <system-out/>
</testsuite> <!-- parallelTesting.ParallelTest2 -->
