<?xml version="1.0" encoding="UTF-8"?>
<!-- Generated by org.testng.reporters.JUnitReportReporter -->
<testsuite hostname="DESKTOP-EKJ5BNI" failures="0" tests="3" name="pruebas.Laboratorio5_E1b" time="5.822" errors="0" timestamp="2023-08-04T21:04:36 ART" skipped="0">
  <testcase classname="pruebas.Laboratorio5_E1b" name="irRegistroLogin" time="2.214"/>
  <system-out/>
  <testcase classname="pruebas.Laboratorio5_E1b" name="irRegistroLogin" time="1.848"/>
  <system-out/>
  <testcase classname="pruebas.Laboratorio5_E1b" name="irRegistroLogin" time="1.760"/>
  <system-out/>
</testsuite> <!-- pruebas.Laboratorio5_E1b -->
